#
# There is insufficient memory for the Java Runtime Environment to continue.
# Native memory allocation (malloc) failed to allocate 198016 bytes for Chunk::new
# Possible reasons:
#   The system is out of physical RAM or swap space
#   In 32 bit mode, the process size limit was hit
# Possible solutions:
#   Reduce memory load on the system
#   Increase physical memory or swap space
#   Check if swap backing store is full
#   Use 64 bit Java on a 64 bit OS
#   Decrease Java heap size (-Xmx/-Xms)
#   Decrease number of Java threads
#   Decrease Java thread stack sizes (-Xss)
#   Set larger code cache with -XX:ReservedCodeCacheSize=
# This output file may be truncated or incomplete.
#
#  Out of Memory Error (allocation.cpp:390), pid=11032, tid=14092
#
# JRE version: Java(TM) SE Runtime Environment (8.0_20-b26) (build 1.8.0_20-b26)
# Java VM: Java HotSpot(TM) 64-Bit Server VM (25.20-b23 mixed mode windows-amd64 compressed oops)
# Failed to write core dump. Minidumps are not enabled by default on client versions of Windows
#

---------------  T H R E A D  ---------------

Current thread (0x0000000053c1a800):  JavaThread "C2 CompilerThread0" daemon [_thread_in_native, id=14092, stack(0x0000000055d70000,0x0000000055e70000)]

Stack: [0x0000000055d70000,0x0000000055e70000]
Native frames: (J=compiled Java code, j=interpreted, Vv=VM code, C=native code)
V  [jvm.dll+0x3152fa]


Current CompileTask:
C2:  16927 1135       4       com.sun.javafx.css.StyleClassSet::getStyleClass (148 bytes)


---------------  P R O C E S S  ---------------

Java Threads: ( => current thread )
  0x0000000057efc000 JavaThread "Prism Font Disposer" daemon [_thread_blocked, id=8780, stack(0x000000005a990000,0x000000005aa90000)]
  0x0000000053c2a800 JavaThread "Timer-0" [_thread_blocked, id=12196, stack(0x0000000057890000,0x0000000057990000)]
  0x000000005656a000 JavaThread "Thread-3" daemon [_thread_blocked, id=536, stack(0x0000000057990000,0x0000000057a90000)]
  0x0000000056531000 JavaThread "JavaFX Application Thread" [_thread_blocked, id=13572, stack(0x0000000057630000,0x0000000057730000)]
  0x0000000056530800 JavaThread "Thread-2" daemon [_thread_blocked, id=8088, stack(0x0000000057520000,0x0000000057620000)]
  0x000000005655c800 JavaThread "QuantumRenderer-0" daemon [_thread_blocked, id=13732, stack(0x0000000056d10000,0x0000000056e10000)]
  0x000000005649d000 JavaThread "JavaFX-Launcher" [_thread_blocked, id=13432, stack(0x00000000567e0000,0x00000000568e0000)]
  0x0000000056260000 JavaThread "Monitor Ctrl-Break" daemon [_thread_in_native, id=11708, stack(0x0000000056920000,0x0000000056a20000)]
  0x0000000053c7e800 JavaThread "Service Thread" daemon [_thread_blocked, id=11676, stack(0x00000000560b0000,0x00000000561b0000)]
  0x0000000053c20000 JavaThread "C1 CompilerThread1" daemon [_thread_blocked, id=6188, stack(0x0000000055f20000,0x0000000056020000)]
=>0x0000000053c1a800 JavaThread "C2 CompilerThread0" daemon [_thread_in_native, id=14092, stack(0x0000000055d70000,0x0000000055e70000)]
  0x0000000053c19000 JavaThread "Attach Listener" daemon [_thread_blocked, id=8756, stack(0x0000000055c60000,0x0000000055d60000)]
  0x0000000053c17800 JavaThread "Signal Dispatcher" daemon [_thread_blocked, id=6164, stack(0x0000000055ad0000,0x0000000055bd0000)]
  0x0000000053bba000 JavaThread "Finalizer" daemon [_thread_blocked, id=2680, stack(0x0000000055800000,0x0000000055900000)]
  0x0000000053bb1000 JavaThread "Reference Handler" daemon [_thread_blocked, id=7700, stack(0x0000000055930000,0x0000000055a30000)]
  0x000000000224f800 JavaThread "main" [_thread_blocked, id=10228, stack(0x0000000002290000,0x0000000002390000)]

Other Threads:
  0x0000000053bab000 VMThread [stack: 0x0000000055680000,0x0000000055780000] [id=12756]
  0x00000000561b0800 WatcherThread [stack: 0x00000000566c0000,0x00000000567c0000] [id=11276]

VM state:at safepoint (normal execution)

VM Mutex/Monitor currently owned by a thread:  ([mutex/lock_event])
[0x000000000224da30] Threads_lock - owner thread: 0x0000000053bab000
[0x000000000224df30] Heap_lock - owner thread: 0x0000000056531000

Heap:
 PSYoungGen      total 15360K, used 2032K [0x00000000ef300000, 0x00000000f0400000, 0x0000000100000000)
  eden space 13312K, 0% used [0x00000000ef300000,0x00000000ef300000,0x00000000f0000000)
  from space 2048K, 99% used [0x00000000f0000000,0x00000000f01fc010,0x00000000f0200000)
  to   space 2048K, 0% used [0x00000000f0200000,0x00000000f0200000,0x00000000f0400000)
 ParOldGen       total 35840K, used 1524K [0x00000000cd800000, 0x00000000cfb00000, 0x00000000ef300000)
  object space 35840K, 4% used [0x00000000cd800000,0x00000000cd97d2b0,0x00000000cfb00000)
 Metaspace       used 13877K, capacity 14542K, committed 14720K, reserved 1067008K
  class space    used 1976K, capacity 2105K, committed 2176K, reserved 1048576K

Card table byte_map: [0x0000000011a20000,0x0000000011bc0000] byte_map_base: 0x00000000113b4000

Marking Bits: (ParMarkBitMap*) 0x000000005478b460
 Begin Bits: [0x0000000011fa0000, 0x0000000012c40000)
 End Bits:   [0x0000000012c40000, 0x00000000138e0000)

Polling page: 0x0000000000330000

CodeCache: size=245760Kb used=4151Kb max_used=4151Kb free=241608Kb
 bounds [0x0000000002660000, 0x0000000002a70000, 0x0000000011660000]
 total_blobs=1709 nmethods=1168 adapters=454
 compilation: disabled (not enough contiguous free space left)

Compilation events (10 events):
Event: 16.634 Thread 0x0000000053c20000 1147       3       javafx.scene.Parent::requestParentLayout (28 bytes)
Event: 16.634 Thread 0x0000000053c20000 nmethod 1147 0x0000000002a607d0 code [0x0000000002a60980, 0x0000000002a61058]
Event: 16.634 Thread 0x0000000053c20000 1148       3       javafx.scene.Parent::markDirtyLayout (61 bytes)
Event: 16.635 Thread 0x0000000053c20000 nmethod 1148 0x0000000002a61250 code [0x0000000002a61460, 0x0000000002a621a8]
Event: 16.635 Thread 0x0000000053c20000 1150       3       java.lang.Math::ceil (5 bytes)
Event: 16.636 Thread 0x0000000053c20000 nmethod 1150 0x0000000002a62510 code [0x0000000002a626a0, 0x0000000002a62868]
Event: 16.636 Thread 0x0000000053c20000 1151       3       java.lang.StrictMath::ceil (10 bytes)
Event: 16.636 Thread 0x0000000053c20000 nmethod 1151 0x0000000002a62950 code [0x0000000002a62ae0, 0x0000000002a62c68]
Event: 16.636 Thread 0x0000000053c20000 1149       3       javafx.scene.Parent::setLayoutFlag (32 bytes)
Event: 16.637 Thread 0x0000000053c20000 nmethod 1149 0x0000000002a62d10 code [0x0000000002a62ee0, 0x0000000002a638c8]

GC Heap History (4 events):
Event: 7.504 GC heap before
{Heap before GC invocations=1 (full 0):
 PSYoungGen      total 15360K, used 13312K [0x00000000ef300000, 0x00000000f0400000, 0x0000000100000000)
  eden space 13312K, 100% used [0x00000000ef300000,0x00000000f0000000,0x00000000f0000000)
  from space 2048K, 0% used [0x00000000f0200000,0x00000000f0200000,0x00000000f0400000)
  to   space 2048K, 0% used [0x00000000f0000000,0x00000000f0000000,0x00000000f0200000)
 ParOldGen       total 35840K, used 0K [0x00000000cd800000, 0x00000000cfb00000, 0x00000000ef300000)
  object space 35840K, 0% used [0x00000000cd800000,0x00000000cd800000,0x00000000cfb00000)
 Metaspace       used 8382K, capacity 8700K, committed 8960K, reserved 1056768K
  class space    used 1107K, capacity 1173K, committed 1280K, reserved 1048576K
Event: 7.509 GC heap after
Heap after GC invocations=1 (full 0):
 PSYoungGen      total 15360K, used 1952K [0x00000000ef300000, 0x00000000f0400000, 0x0000000100000000)
  eden space 13312K, 0% used [0x00000000ef300000,0x00000000ef300000,0x00000000f0000000)
  from space 2048K, 95% used [0x00000000f0000000,0x00000000f01e8000,0x00000000f0200000)
  to   space 2048K, 0% used [0x00000000f0200000,0x00000000f0200000,0x00000000f0400000)
 ParOldGen       total 35840K, used 8K [0x00000000cd800000, 0x00000000cfb00000, 0x00000000ef300000)
  object space 35840K, 0% used [0x00000000cd800000,0x00000000cd802000,0x00000000cfb00000)
 Metaspace       used 8382K, capacity 8700K, committed 8960K, reserved 1056768K
  class space    used 1107K, capacity 1173K, committed 1280K, reserved 1048576K
}
Event: 16.607 GC heap before
{Heap before GC invocations=2 (full 0):
 PSYoungGen      total 15360K, used 15264K [0x00000000ef300000, 0x00000000f0400000, 0x0000000100000000)
  eden space 13312K, 100% used [0x00000000ef300000,0x00000000f0000000,0x00000000f0000000)
  from space 2048K, 95% used [0x00000000f0000000,0x00000000f01e8000,0x00000000f0200000)
  to   space 2048K, 0% used [0x00000000f0200000,0x00000000f0200000,0x00000000f0400000)
 ParOldGen       total 35840K, used 8K [0x00000000cd800000, 0x00000000cfb00000, 0x00000000ef300000)
  object space 35840K, 0% used [0x00000000cd800000,0x00000000cd802000,0x00000000cfb00000)
 Metaspace       used 13616K, capacity 14242K, committed 14464K, reserved 1060864K
  class space    used 1942K, capacity 2071K, committed 2176K, reserved 1048576K
Event: 16.617 GC heap after
Heap after GC invocations=2 (full 0):
 PSYoungGen      total 15360K, used 2016K [0x00000000ef300000, 0x00000000f0400000, 0x0000000100000000)
  eden space 13312K, 0% used [0x00000000ef300000,0x00000000ef300000,0x00000000f0000000)
  from space 2048K, 98% used [0x00000000f0200000,0x00000000f03f8020,0x00000000f0400000)
  to   space 2048K, 0% used [0x00000000f0000000,0x00000000f0000000,0x00000000f0200000)
 ParOldGen       total 35840K, used 1460K [0x00000000cd800000, 0x00000000cfb00000, 0x00000000ef300000)
  object space 35840K, 4% used [0x00000000cd800000,0x00000000cd96d2b0,0x00000000cfb00000)
 Metaspace       used 13616K, capacity 14242K, committed 14464K, reserved 1060864K
  class space    used 1942K, capacity 2071K, committed 2176K, reserved 1048576K
}

Deoptimization events (9 events):
Event: 9.969 Thread 0x0000000056531000 Uncommon trap: reason=unreached action=reinterpret pc=0x00000000028f32cc method=java.util.HashMap.hash(Ljava/lang/Object;)I @ 1
Event: 15.780 Thread 0x0000000056531000 Uncommon trap: reason=class_check action=maybe_recompile pc=0x00000000028d2bc8 method=java.io.DataInputStream.readShort()S @ 4
Event: 15.780 Thread 0x0000000056531000 Uncommon trap: reason=class_check action=maybe_recompile pc=0x00000000028d2bc8 method=java.io.DataInputStream.readShort()S @ 4
Event: 15.782 Thread 0x0000000056531000 Uncommon trap: reason=class_check action=maybe_recompile pc=0x00000000028d2bc8 method=java.io.DataInputStream.readShort()S @ 4
Event: 15.782 Thread 0x0000000056531000 Uncommon trap: reason=class_check action=maybe_recompile pc=0x00000000028d2bc8 method=java.io.DataInputStream.readShort()S @ 4
Event: 15.793 Thread 0x0000000056531000 Uncommon trap: reason=class_check action=maybe_recompile pc=0x0000000002791ee0 method=java.lang.String.equals(Ljava/lang/Object;)Z @ 8
Event: 15.793 Thread 0x0000000056531000 Uncommon trap: reason=class_check action=maybe_recompile pc=0x0000000002791ee0 method=java.lang.String.equals(Ljava/lang/Object;)Z @ 8
Event: 15.793 Thread 0x0000000056531000 Uncommon trap: reason=class_check action=maybe_recompile pc=0x0000000002791ee0 method=java.lang.String.equals(Ljava/lang/Object;)Z @ 8
Event: 16.138 Thread 0x0000000056531000 Uncommon trap: reason=class_check action=maybe_recompile pc=0x0000000002791ee0 method=java.lang.String.equals(Ljava/lang/Object;)Z @ 8

Internal exceptions (10 events):
Event: 9.061 Thread 0x0000000056531000 Exception <a 'java/security/PrivilegedActionException'> (0x00000000ef731d20) thrown at [D:\re\workspace\8-2-build-windows-amd64-cygwin\jdk8u20\1074\hotspot\src\share\vm\prims\jvm.cpp, line 1275]
Event: 9.118 Thread 0x0000000056531000 Exception <a 'java/security/PrivilegedActionException'> (0x00000000ef75a180) thrown at [D:\re\workspace\8-2-build-windows-amd64-cygwin\jdk8u20\1074\hotspot\src\share\vm\prims\jvm.cpp, line 1275]
Event: 9.159 Thread 0x0000000056531000 Exception <a 'java/security/PrivilegedActionException'> (0x00000000ef75d540) thrown at [D:\re\workspace\8-2-build-windows-amd64-cygwin\jdk8u20\1074\hotspot\src\share\vm\prims\jvm.cpp, line 1275]
Event: 9.969 Thread 0x0000000056531000 Implicit null exception at 0x00000000028f30e5 to 0x00000000028f32bd
Event: 10.376 Thread 0x0000000056531000 Exception <a 'java/security/PrivilegedActionException'> (0x00000000ef9265c0) thrown at [D:\re\workspace\8-2-build-windows-amd64-cygwin\jdk8u20\1074\hotspot\src\share\vm\prims\jvm.cpp, line 1275]
Event: 10.410 Thread 0x0000000056531000 Exception <a 'java/security/PrivilegedActionException'> (0x00000000ef93ca30) thrown at [D:\re\workspace\8-2-build-windows-amd64-cygwin\jdk8u20\1074\hotspot\src\share\vm\prims\jvm.cpp, line 1275]
Event: 10.411 Thread 0x0000000056531000 Exception <a 'java/security/PrivilegedActionException'> (0x00000000ef95bef0) thrown at [D:\re\workspace\8-2-build-windows-amd64-cygwin\jdk8u20\1074\hotspot\src\share\vm\prims\jvm.cpp, line 1275]
Event: 16.384 Thread 0x0000000056531000 Exception <a 'java/security/PrivilegedActionException'> (0x00000000efdd9b98) thrown at [D:\re\workspace\8-2-build-windows-amd64-cygwin\jdk8u20\1074\hotspot\src\share\vm\prims\jvm.cpp, line 1275]
Event: 16.386 Thread 0x0000000056531000 Exception <a 'java/security/PrivilegedActionException'> (0x00000000efdf0930) thrown at [D:\re\workspace\8-2-build-windows-amd64-cygwin\jdk8u20\1074\hotspot\src\share\vm\prims\jvm.cpp, line 1275]
Event: 16.387 Thread 0x0000000056531000 Exception <a 'java/security/PrivilegedActionException'> (0x00000000efe0a758) thrown at [D:\re\workspace\8-2-build-windows-amd64-cygwin\jdk8u20\1074\hotspot\src\share\vm\prims\jvm.cpp, line 1275]

Events (10 events):
Event: 16.628 loading class com/sun/javafx/scene/control/behavior/CellBehaviorBase
Event: 16.628 loading class com/sun/javafx/scene/control/behavior/CellBehaviorBase done
Event: 16.630 loading class com/sun/javafx/scene/control/skin/CellSkinBase$StyleableProperties
Event: 16.630 loading class com/sun/javafx/scene/control/skin/CellSkinBase$StyleableProperties done
Event: 16.630 loading class com/sun/javafx/scene/control/skin/CellSkinBase$StyleableProperties$1
Event: 16.630 loading class com/sun/javafx/scene/control/skin/CellSkinBase$StyleableProperties$1 done
Event: 16.633 loading class javafx/scene/Parent$4
Event: 16.633 loading class javafx/scene/Parent$4 done
Event: 16.634 loading class com/sun/javafx/scene/control/behavior/TextBinding
Event: 16.634 loading class com/sun/javafx/scene/control/behavior/TextBinding done


Dynamic libraries:
0x000000013f900000 - 0x000000013f934000 	C:\Program Files\Java\jdk1.8.0_20\bin\java.exe
0x0000000076fd0000 - 0x0000000077178000 	C:\Windows\SYSTEM32\ntdll.dll
0x0000000076eb0000 - 0x0000000076fcf000 	C:\Windows\system32\kernel32.dll
0x000007fefcef0000 - 0x000007fefcf5c000 	C:\Windows\system32\KERNELBASE.dll
0x000007fefd450000 - 0x000007fefd52b000 	C:\Windows\system32\ADVAPI32.dll
0x000007fefd390000 - 0x000007fefd42f000 	C:\Windows\system32\msvcrt.dll
0x000007feff290000 - 0x000007feff2af000 	C:\Windows\SYSTEM32\sechost.dll
0x000007fefe310000 - 0x000007fefe43d000 	C:\Windows\system32\RPCRT4.dll
0x0000000076db0000 - 0x0000000076eaa000 	C:\Windows\system32\USER32.dll
0x000007fefd150000 - 0x000007fefd1b7000 	C:\Windows\system32\GDI32.dll
0x000007fefd380000 - 0x000007fefd38e000 	C:\Windows\system32\LPK.dll
0x000007fefe440000 - 0x000007fefe509000 	C:\Windows\system32\USP10.dll
0x000007fefb990000 - 0x000007fefbb84000 	C:\Windows\WinSxS\amd64_microsoft.windows.common-controls_6595b64144ccf1df_6.0.7601.17514_none_fa396087175ac9ac\COMCTL32.dll
0x000007fefec70000 - 0x000007fefece1000 	C:\Windows\system32\SHLWAPI.dll
0x000007feff2b0000 - 0x000007feff2de000 	C:\Windows\system32\IMM32.DLL
0x000007fefd260000 - 0x000007fefd369000 	C:\Windows\system32\MSCTF.dll
0x0000000060970000 - 0x0000000060a42000 	C:\Program Files\Java\jdk1.8.0_20\jre\bin\msvcr100.dll
0x0000000053fb0000 - 0x0000000054808000 	C:\Program Files\Java\jdk1.8.0_20\jre\bin\server\jvm.dll
0x000007fef7b20000 - 0x000007fef7b29000 	C:\Windows\system32\WSOCK32.dll
0x000007fefe2c0000 - 0x000007fefe30d000 	C:\Windows\system32\WS2_32.dll
0x000007fefd370000 - 0x000007fefd378000 	C:\Windows\system32\NSI.dll
0x000007fef9660000 - 0x000007fef969b000 	C:\Windows\system32\WINMM.dll
0x00000000771a0000 - 0x00000000771a7000 	C:\Windows\system32\PSAPI.DLL
0x00000000746c0000 - 0x00000000746cf000 	C:\Program Files\Java\jdk1.8.0_20\jre\bin\verify.dll
0x000000006b0c0000 - 0x000000006b0e8000 	C:\Program Files\Java\jdk1.8.0_20\jre\bin\java.dll
0x000000006b0a0000 - 0x000000006b0b6000 	C:\Program Files\Java\jdk1.8.0_20\jre\bin\zip.dll
0x000007fefd530000 - 0x000007fefe2b8000 	C:\Windows\system32\SHELL32.dll
0x000007fefe5b0000 - 0x000007fefe7b3000 	C:\Windows\system32\ole32.dll
0x000007fefcda0000 - 0x000007fefcdaf000 	C:\Windows\system32\profapi.dll
0x000007fefa1b0000 - 0x000007fefa1c0000 	C:\Program Files (x86)\JetBrains\IntelliJ IDEA Community Edition 14.1.4\bin\breakgen64.dll
0x000000006acb0000 - 0x000000006acca000 	C:\Program Files\Java\jdk1.8.0_20\jre\bin\net.dll
0x000007fefc550000 - 0x000007fefc5a5000 	C:\Windows\system32\mswsock.dll
0x000007fefc540000 - 0x000007fefc547000 	C:\Windows\System32\wship6.dll
0x000000006ac60000 - 0x000000006ac8c000 	C:\Program Files\Java\jdk1.8.0_20\jre\bin\prism_d3d.dll
0x000007fee4e90000 - 0x000007fee508f000 	C:\Windows\system32\d3d9.dll
0x000007fefbe80000 - 0x000007fefbe8c000 	C:\Windows\system32\VERSION.dll
0x000007fefa1c0000 - 0x000007fefa1c7000 	C:\Windows\system32\d3d8thk.dll
0x000007fefb1d0000 - 0x000007fefb1e8000 	C:\Windows\system32\dwmapi.dll
0x000007fefb7b0000 - 0x000007fefb806000 	C:\Windows\system32\uxtheme.dll
0x000007fef2c70000 - 0x000007fef2d8b000 	C:\Windows\system32\aticfx64.dll
0x000007fefa160000 - 0x000007fefa180000 	C:\Windows\system32\atiu9p64.dll
0x000007fee6e80000 - 0x000007fee7537000 	C:\Windows\system32\atiumd64.dll
0x0000000057020000 - 0x00000000574ed000 	C:\Windows\system32\atiumd6a.dll
0x0000000062980000 - 0x00000000629c2000 	C:\Program Files\Java\jdk1.8.0_20\jre\bin\glass.dll
0x000007fefe510000 - 0x000007fefe5a7000 	C:\Windows\system32\COMDLG32.dll
0x000007fefefc0000 - 0x000007feff097000 	C:\Windows\system32\OLEAUT32.dll
0x000007fefcc30000 - 0x000007fefcc3f000 	C:\Windows\system32\CRYPTBASE.dll
0x000000006ac30000 - 0x000000006ac45000 	C:\Program Files\Java\jdk1.8.0_20\jre\bin\javafx_font.dll
0x000007fef2f90000 - 0x000007fef3126000 	C:\Windows\system32\dwrite.dll
0x000007fefd1c0000 - 0x000007fefd259000 	C:\Windows\system32\CLBCatQ.DLL
0x000007fefb000000 - 0x000007fefb161000 	C:\Windows\system32\WindowsCodecs.dll
0x000007fefcbd0000 - 0x000007fefcc27000 	C:\Windows\system32\apphelp.dll
0x0000000072320000 - 0x00000000725c3000 	C:\Program Files (x86)\Norton Internet Security\Engine64\22.5.2.15\buShell.dll
0x000007fefb590000 - 0x000007fefb7a6000 	C:\Windows\WinSxS\amd64_microsoft.windows.gdiplus_6595b64144ccf1df_1.1.7601.18455_none_2b283fd671e9bf4d\gdiplus.dll
0x000007fef2dc0000 - 0x000007fef2e67000 	C:\Program Files (x86)\Norton Internet Security\Engine64\22.5.2.15\MSVCP110.dll
0x000007fef23c0000 - 0x000007fef2494000 	C:\Program Files (x86)\Norton Internet Security\Engine64\22.5.2.15\MSVCR110.dll
0x00000000721e0000 - 0x00000000722dd000 	C:\Program Files (x86)\Norton Internet Security\Engine64\22.5.2.15\ccLib.dll
0x000007fef2390000 - 0x000007fef23b2000 	C:\Program Files (x86)\Norton Internet Security\Engine64\22.5.2.15\EFACli64.dll
0x000007fef2150000 - 0x000007fef238f000 	C:\Program Files\Microsoft Office 15\root\VFS\ProgramFilesX64\Microsoft Office\Office15\GROOVEEX.DLL
0x0000000071660000 - 0x00000000716f8000 	C:\Program Files\Microsoft Office 15\root\VFS\ProgramFilesX64\Microsoft Office\Office15\MSVCP100.dll
0x0000000071630000 - 0x000000007165b000 	C:\Program Files\Microsoft Office 15\root\VFS\ProgramFilesX64\Microsoft Office\Office15\ATL100.DLL
0x000007fef6ff0000 - 0x000007fef730d000 	C:\Windows\system32\msi.dll
0x000007fef5d10000 - 0x000007fef658d000 	C:\Program Files\Microsoft Office 15\root\VFS\ProgramFilesX64\Microsoft Office\Office15\1033\GrooveIntlResource.dll
0x000007fefbd30000 - 0x000007fefbd65000 	C:\Windows\system32\EhStorShell.dll
0x000007fefea90000 - 0x000007fefec67000 	C:\Windows\system32\SETUPAPI.dll
0x000007fefd110000 - 0x000007fefd146000 	C:\Windows\system32\CFGMGR32.dll
0x000007fefd0f0000 - 0x000007fefd10a000 	C:\Windows\system32\DEVOBJ.dll
0x000007fefb810000 - 0x000007fefb93c000 	C:\Windows\system32\PROPSYS.dll
0x000007fefbcb0000 - 0x000007fefbd2e000 	C:\Windows\System32\cscui.dll
0x000007fefbca0000 - 0x000007fefbcac000 	C:\Windows\System32\CSCDLL.dll
0x000007fefbc90000 - 0x000007fefbc9f000 	C:\Windows\system32\CSCAPI.dll
0x000007fefbc10000 - 0x000007fefbc90000 	C:\Windows\system32\ntshrui.dll
0x000007fefcab0000 - 0x000007fefcad3000 	C:\Windows\system32\srvcli.dll
0x000007fef8f80000 - 0x000007fef8f8b000 	C:\Windows\system32\slc.dll
0x000007fefbb90000 - 0x000007fefbc09000 	C:\Program Files (x86)\SugarSync\SugarSyncShellExt_x64.dll
0x0000000073920000 - 0x00000000739e9000 	C:\Windows\WinSxS\amd64_microsoft.vc80.crt_1fc8b3b9a1e18e3b_8.0.50727.4940_none_88df89932faf0bf6\MSVCR80.dll
0x0000000073810000 - 0x0000000073919000 	C:\Windows\WinSxS\amd64_microsoft.vc80.crt_1fc8b3b9a1e18e3b_8.0.50727.4940_none_88df89932faf0bf6\MSVCP80.dll
0x000007fef9f60000 - 0x000007fef9f8d000 	C:\Program Files\Common Files\Microsoft Shared\Ink\rtscom.dll

VM Arguments:
jvm_args: -Didea.launcher.port=7577 -Didea.launcher.bin.path=C:\Program Files (x86)\JetBrains\IntelliJ IDEA Community Edition 14.1.4\bin -Dfile.encoding=windows-1252 
java_command: com.intellij.rt.execution.application.AppMain MULE
java_class_path (initial): C:\Program Files\Java\jdk1.8.0_20\jre\lib\charsets.jar;C:\Program Files\Java\jdk1.8.0_20\jre\lib\deploy.jar;C:\Program Files\Java\jdk1.8.0_20\jre\lib\javaws.jar;C:\Program Files\Java\jdk1.8.0_20\jre\lib\jce.jar;C:\Program Files\Java\jdk1.8.0_20\jre\lib\jfr.jar;C:\Program Files\Java\jdk1.8.0_20\jre\lib\jfxswt.jar;C:\Program Files\Java\jdk1.8.0_20\jre\lib\jsse.jar;C:\Program Files\Java\jdk1.8.0_20\jre\lib\management-agent.jar;C:\Program Files\Java\jdk1.8.0_20\jre\lib\plugin.jar;C:\Program Files\Java\jdk1.8.0_20\jre\lib\resources.jar;C:\Program Files\Java\jdk1.8.0_20\jre\lib\rt.jar;C:\Program Files\Java\jdk1.8.0_20\jre\lib\ext\access-bridge-64.jar;C:\Program Files\Java\jdk1.8.0_20\jre\lib\ext\cldrdata.jar;C:\Program Files\Java\jdk1.8.0_20\jre\lib\ext\dnsns.jar;C:\Program Files\Java\jdk1.8.0_20\jre\lib\ext\jaccess.jar;C:\Program Files\Java\jdk1.8.0_20\jre\lib\ext\jfxrt.jar;C:\Program Files\Java\jdk1.8.0_20\jre\lib\ext\localedata.jar;C:\Program Files\Java\jdk1.8.0_20\jre\lib\ext\mysql-connector-java-5.1.34-bin.jar;C:\Program Files\Java\jdk1.8.0_20\jre\lib\ext\nashorn.jar;C:\Program Files\Java\jdk1.8.0_20\jre\lib\ext\sunec.jar;C:\Program Files\Java\jdk1.8.0_20\jre\lib\ext\sunjce_provider.jar;C:\Program Files\Java\jdk1.8.0_20\jre\lib\ext\sunmscapi.jar;C:\Program Files\Java\jdk1.8.0_20\jre\lib\ext\sunpkcs11.jar;C:\Program Files\Java\jdk1.8.0_20\jre\lib\ext\zipfs.jar;C:\Users\Julianna\Documents\GitHub\repository\MULE\out\production\CS 2340;C:\Program Files (x86)\JetBrains\IntelliJ IDEA Community Edition 14.1.4\lib\idea_rt.jar
Launcher Type: SUN_STANDARD

Environment Variables:
JAVA_HOME=C:\Program Files\Java\jdk1.8.0_20
PATH=C:\ProgramData\Oracle\Java\javapath;C:\Program Files\Java\jdk1.8.0_20\bin;C:\Program Files (x86)\PharosSystems\Core;C:\Program Files\MiKTeX 2.9\miktex\bin\x64\;C:\Users\Julianna\Documents\gradle-2.6-all\gradle-2.6\bin
USERNAME=Julianna
OS=Windows_NT
PROCESSOR_IDENTIFIER=AMD64 Family 21 Model 19 Stepping 1, AuthenticAMD



---------------  S Y S T E M  ---------------

OS: Windows 7 , 64 bit Build 7601 Service Pack 1

CPU:total 2 (2 cores per cpu, 1 threads per core) family 21 model 19 stepping 1, cmov, cx8, fxsr, mmx, sse, sse2, sse3, ssse3, sse4.1, sse4.2, popcnt, avx, aes, clmul, mmxext, 3dnowpref, lzcnt, sse4a, tsc, tscinvbit, tscinv, bmi1

Memory: 4k page, physical 3302148k(742832k free), swap 13206740k(4872k free)

vm_info: Java HotSpot(TM) 64-Bit Server VM (25.20-b23) for windows-amd64 JRE (1.8.0_20-b26), built on Jul 30 2014 13:51:23 by "java_re" with MS VC++ 10.0 (VS2010)

time: Fri Oct 02 17:11:26 2015
elapsed time: 16 seconds (0d 0h 0m 16s)

